TN:
SF:app/feed/normalize.ts
FN:11,asRecord
FN:15,pickFirstString
FN:22,normalizeTags
FN:45,normalizeArticle
FNF:4
FNH:4
FNDA:9,asRecord
FNDA:39,pickFirstString
FNDA:6,normalizeTags
FNDA:6,normalizeArticle
DA:11,9
DA:12,9
DA:13,9
DA:15,39
DA:16,39
DA:17,110
DA:18,110
DA:19,23
DA:20,23
DA:22,6
DA:24,6
DA:25,1
DA:26,1
DA:27,3
DA:28,3
DA:29,3
DA:30,1
DA:31,1
DA:32,1
DA:35,6
DA:36,1
DA:37,1
DA:38,1
DA:39,1
DA:40,1
DA:42,4
DA:43,4
DA:45,1
DA:46,6
DA:48,6
DA:49,6
DA:51,6
DA:52,6
DA:55,6
DA:56,6
DA:57,6
DA:58,6
DA:59,6
DA:60,6
DA:61,6
DA:62,6
DA:63,6
DA:64,6
DA:67,6
DA:68,6
DA:71,6
DA:72,6
DA:73,6
DA:74,6
DA:75,6
DA:76,6
DA:77,6
DA:80,6
DA:81,6
DA:82,6
DA:83,6
DA:85,6
DA:87,4
DA:88,4
DA:89,4
DA:90,6
DA:91,6
DA:92,6
DA:93,6
DA:94,6
DA:95,6
DA:96,6
LF:67
LH:67
BRDA:11,0,0,9
BRDA:12,1,0,0
BRDA:15,2,0,39
BRDA:16,3,0,110
BRDA:17,4,0,16
BRDA:17,5,0,16
BRDA:18,6,0,23
BRDA:22,7,0,6
BRDA:24,8,0,1
BRDA:32,9,0,5
BRDA:35,10,0,1
BRDA:40,11,0,4
BRDA:26,12,0,3
BRDA:27,13,0,0
BRDA:38,14,0,3
BRDA:45,15,0,6
BRDA:52,16,0,0
BRDA:68,17,0,5
BRDA:80,18,0,4
BRDA:80,19,0,4
BRDA:83,20,0,2
BRDA:83,21,0,4
BRDA:83,22,0,1
BRDA:83,23,0,3
BRDA:85,24,0,5
BRDA:85,25,0,2
BRDA:85,26,0,4
BRDA:90,27,0,3
BRDA:93,28,0,3
BRF:29
BRH:26
end_of_record
