TN:
SF:app/feed/normalize.ts
FN:11,asRecord
FN:15,pickFirstString
FN:22,normalizeTags
FN:43,normalizeArticle
FNF:4
FNH:4
FNDA:41,asRecord
FNDA:216,pickFirstString
FNDA:35,normalizeTags
FNDA:35,normalizeArticle
DA:11,41
DA:12,41
DA:13,41
DA:15,216
DA:16,216
DA:17,623
DA:18,623
DA:19,136
DA:20,136
DA:22,35
DA:23,35
DA:24,5
DA:25,5
DA:26,13
DA:27,6
DA:28,6
DA:29,5
DA:30,5
DA:31,5
DA:33,35
DA:34,1
DA:35,1
DA:36,1
DA:37,1
DA:38,1
DA:40,29
DA:41,29
DA:43,1
DA:44,35
DA:46,35
DA:47,35
DA:49,35
DA:50,35
DA:52,35
DA:53,35
DA:54,35
DA:55,35
DA:56,35
DA:57,35
DA:58,35
DA:59,35
DA:60,35
DA:61,35
DA:63,35
DA:64,35
DA:66,35
DA:67,35
DA:68,35
DA:69,35
DA:70,35
DA:71,35
DA:72,35
DA:74,35
DA:75,35
DA:76,35
DA:77,35
DA:79,35
DA:81,29
DA:82,29
DA:83,29
DA:84,35
DA:85,35
DA:86,35
DA:87,35
DA:88,35
DA:89,35
DA:90,35
LF:67
LH:67
BRDA:11,0,0,41
BRDA:12,1,0,38
BRDA:12,2,0,36
BRDA:12,3,0,5
BRDA:15,4,0,216
BRDA:16,5,0,623
BRDA:17,6,0,80
BRDA:17,7,0,80
BRDA:18,8,0,136
BRDA:22,9,0,35
BRDA:23,10,0,5
BRDA:31,11,0,30
BRDA:33,12,0,1
BRDA:38,13,0,29
BRDA:25,14,0,13
BRDA:26,15,0,7
BRDA:26,16,0,6
BRDA:36,17,0,3
BRDA:43,18,0,35
BRDA:50,19,0,2
BRDA:50,20,0,33
BRDA:64,21,0,33
BRDA:74,22,0,31
BRDA:74,23,0,30
BRDA:77,24,0,6
BRDA:77,25,0,29
BRDA:77,26,0,1
BRDA:77,27,0,28
BRDA:79,28,0,30
BRDA:79,29,0,6
BRDA:79,30,0,29
BRDA:84,31,0,21
BRDA:87,32,0,24
BRF:33
BRH:33
end_of_record
