TN:
SF:src/services/saved-articles.service.js
FN:1,mapSavedArticles
FN:7,getSavedArticleIds
FN:16,toggleSavedArticle
FN:51,getSavedArticles
FNF:4
FNH:4
FNDA:2,mapSavedArticles
FNDA:1,getSavedArticleIds
FNDA:3,toggleSavedArticle
FNDA:1,getSavedArticles
DA:1,2
DA:2,2
DA:3,2
DA:4,2
DA:5,2
DA:7,1
DA:8,1
DA:9,1
DA:10,1
DA:11,1
DA:13,1
DA:14,1
DA:16,3
DA:17,3
DA:18,3
DA:19,3
DA:20,3
DA:21,3
DA:22,3
DA:23,3
DA:24,3
DA:26,3
DA:27,1
DA:28,1
DA:30,3
DA:31,1
DA:32,1
DA:33,1
DA:34,1
DA:35,1
DA:36,1
DA:37,1
DA:38,1
DA:39,1
DA:40,1
DA:41,1
DA:42,1
DA:43,1
DA:44,1
DA:45,1
DA:46,1
DA:47,1
DA:48,3
DA:50,3
DA:51,1
DA:53,1
DA:54,1
DA:55,1
DA:56,1
DA:57,1
DA:58,1
DA:59,1
DA:60,1
DA:61,1
DA:62,1
DA:63,1
DA:64,1
DA:65,1
DA:66,1
DA:67,1
DA:68,1
DA:69,1
DA:70,1
DA:72,1
DA:73,1
DA:75,1
DA:76,1
DA:77,1
DA:78,1
DA:79,1
DA:80,1
LF:71
LH:71
BRDA:1,0,0,1
BRDA:1,1,0,2
BRDA:3,2,0,5
BRDA:7,3,0,1
BRDA:13,4,0,2
BRDA:16,5,0,3
BRDA:26,6,0,1
BRDA:28,7,0,2
BRDA:30,8,0,1
BRDA:48,9,0,2
BRDA:51,10,0,1
BRF:11
BRH:11
end_of_record
